CarbonFootprint/app/build/intermediates/manifest_merge_blame_file/debug/manifest-merger-blame-debug-report.txt
1<?xml version="1.0" encoding="utf-8"?>
2<manifest xmlns:android="http://schemas.android.com/apk/res/android"
3    package="com.example.carbonfootprint"
4    android:versionCode="1"
5    android:versionName="1.0" >
6
7    <uses-sdk
8        android:minSdkVersion="21"
8-->src\main\AndroidManifest.xml
9        android:targetSdkVersion="31" />
9-->src\main\AndroidManifest.xml
10
11    <uses-permission android:name="android.permission.INTERNET" />
11-->src\main\AndroidManifest.xml:5:5-67
11-->src\main\AndroidManifest.xml:5:22-64
12    <uses-permission android:name="android.permission.ACCESS_COARSE_LOCATION" />
12-->src\main\AndroidManifest.xml:6:5-81
12-->src\main\AndroidManifest.xml:6:22-78
13    <uses-permission android:name="android.permission.ACCESS_FINE_LOCATION" />
13-->src\main\AndroidManifest.xml:7:5-79
13-->src\main\AndroidManifest.xml:7:22-76
14
15    <!-- Although the *SdkVersion is captured in gradle build files, this is required for non gradle builds -->
16    <!-- <uses-sdk android:minSdkVersion="14" /> -->
17    <uses-permission android:name="android.permission.ACCESS_NETWORK_STATE" />
17-->[com.google.firebase:firebase-firestore:24.0.0] AndroidManifest.xml:13:5-79
17-->[com.google.firebase:firebase-firestore:24.0.0] AndroidManifest.xml:13:22-76
18
19    <application
19-->src\main\AndroidManifest.xml:9:5-52:19
20        android:allowBackup="true"
20-->src\main\AndroidManifest.xml:10:9-35
21        android:appComponentFactory="androidx.core.app.CoreComponentFactory"
21-->[androidx.core:core:1.5.0] AndroidManifest.xml:24:18-86
22        android:debuggable="true"
23        android:icon="@mipmap/ic_launcher"
23-->src\main\AndroidManifest.xml:11:9-43
24        android:label="@string/app_name"
24-->src\main\AndroidManifest.xml:12:9-41
25        android:roundIcon="@mipmap/ic_launcher_round"
25-->src\main\AndroidManifest.xml:13:9-54
26        android:supportsRtl="true"
26-->src\main\AndroidManifest.xml:14:9-35
27        android:testOnly="true"
28        android:theme="@style/Theme.AppCompat.Light.NoActionBar" >
28-->src\main\AndroidManifest.xml:15:9-65
29        <activity
29-->src\main\AndroidManifest.xml:16:9-18:39
30            android:name="com.example.carbonfootprint.Waste"
30-->src\main\AndroidManifest.xml:17:13-34
31            android:exported="true" />
31-->src\main\AndroidManifest.xml:18:13-36
32        <activity
32-->src\main\AndroidManifest.xml:19:9-22:68
33            android:name="com.example.carbonfootprint.Transportation"
33-->src\main\AndroidManifest.xml:20:13-43
34            android:exported="true"
34-->src\main\AndroidManifest.xml:21:13-36
35            android:windowSoftInputMode="stateVisible|adjustPan" />
35-->src\main\AndroidManifest.xml:22:13-65
36        <activity
36-->src\main\AndroidManifest.xml:23:9-26:68
37            android:name="com.example.carbonfootprint.HomeEnergy"
37-->src\main\AndroidManifest.xml:24:13-39
38            android:exported="true"
38-->src\main\AndroidManifest.xml:25:13-36
39            android:windowSoftInputMode="stateVisible|adjustPan" />
39-->src\main\AndroidManifest.xml:26:13-65
40        <activity
40-->src\main\AndroidManifest.xml:27:9-30:68
41            android:name="com.example.carbonfootprint.HomeEnergyReduceEmissions"
41-->src\main\AndroidManifest.xml:28:13-54
42            android:exported="true"
42-->src\main\AndroidManifest.xml:29:13-36
43            android:windowSoftInputMode="stateVisible|adjustPan" />
43-->src\main\AndroidManifest.xml:30:13-65
44        <activity
44-->src\main\AndroidManifest.xml:31:9-33:39
45            android:name="com.example.carbonfootprint.InitiateCalculator"
45-->src\main\AndroidManifest.xml:32:13-47
46            android:exported="true" />
46-->src\main\AndroidManifest.xml:33:13-36
47        <activity
47-->src\main\AndroidManifest.xml:34:9-36:39
48            android:name="com.example.carbonfootprint.DemoCalculatorActivity"
48-->src\main\AndroidManifest.xml:35:13-51
49            android:exported="true" />
49-->src\main\AndroidManifest.xml:36:13-36
50        <activity
50-->src\main\AndroidManifest.xml:37:9-45:20
51            android:name="com.example.carbonfootprint.DemoHomeActivity"
51-->src\main\AndroidManifest.xml:38:13-45
52            android:exported="true" >
52-->src\main\AndroidManifest.xml:39:13-36
53            <intent-filter>
53-->src\main\AndroidManifest.xml:40:13-44:29
54                <action android:name="android.intent.action.MAIN" />
54-->src\main\AndroidManifest.xml:41:17-69
54-->src\main\AndroidManifest.xml:41:25-66
55
56                <category android:name="android.intent.category.LAUNCHER" />
56-->src\main\AndroidManifest.xml:43:17-77
56-->src\main\AndroidManifest.xml:43:27-74
57            </intent-filter>
58        </activity>
59        <activity
59-->src\main\AndroidManifest.xml:46:9-48:39
60            android:name="com.example.carbonfootprint.LocationActivity"
60-->src\main\AndroidManifest.xml:47:13-45
61            android:exported="true" />
61-->src\main\AndroidManifest.xml:48:13-36
62        <activity
62-->src\main\AndroidManifest.xml:49:9-51:39
63            android:name="com.example.carbonfootprint.ResultsActivity"
63-->src\main\AndroidManifest.xml:50:13-44
64            android:exported="true" />
64-->src\main\AndroidManifest.xml:51:13-36
65
66        <service
66-->[com.google.firebase:firebase-firestore:24.0.0] AndroidManifest.xml:17:9-23:19
67            android:name="com.google.firebase.components.ComponentDiscoveryService"
67-->[com.google.firebase:firebase-firestore:24.0.0] AndroidManifest.xml:18:13-84
68            android:directBootAware="true"
68-->[com.google.firebase:firebase-common:20.0.0] AndroidManifest.xml:35:13-43
69            android:exported="false" >
69-->[com.google.firebase:firebase-firestore:24.0.0] AndroidManifest.xml:19:13-37
70            <meta-data
70-->[com.google.firebase:firebase-firestore:24.0.0] AndroidManifest.xml:20:13-22:85
71                android:name="com.google.firebase.components:com.google.firebase.firestore.FirestoreRegistrar"
71-->[com.google.firebase:firebase-firestore:24.0.0] AndroidManifest.xml:21:17-111
72                android:value="com.google.firebase.components.ComponentRegistrar" />
72-->[com.google.firebase:firebase-firestore:24.0.0] AndroidManifest.xml:22:17-82
73        </service>
74
75        <provider
75-->[com.google.firebase:firebase-common:20.0.0] AndroidManifest.xml:26:9-31:39
76            android:name="com.google.firebase.provider.FirebaseInitProvider"
76-->[com.google.firebase:firebase-common:20.0.0] AndroidManifest.xml:27:13-77
77            android:authorities="com.example.carbonfootprint.firebaseinitprovider"
77-->[com.google.firebase:firebase-common:20.0.0] AndroidManifest.xml:28:13-72
78            android:directBootAware="true"
78-->[com.google.firebase:firebase-common:20.0.0] AndroidManifest.xml:29:13-43
79            android:exported="false"
79-->[com.google.firebase:firebase-common:20.0.0] AndroidManifest.xml:30:13-37
80            android:initOrder="100" />
80-->[com.google.firebase:firebase-common:20.0.0] AndroidManifest.xml:31:13-36
81
82        <activity
82-->[com.google.android.gms:play-services-base:17.5.0] AndroidManifest.xml:23:9-26:75
83            android:name="com.google.android.gms.common.api.GoogleApiActivity"
83-->[com.google.android.gms:play-services-base:17.5.0] AndroidManifest.xml:24:13-79
84            android:exported="false"
84-->[com.google.android.gms:play-services-base:17.5.0] AndroidManifest.xml:25:13-37
85            android:theme="@android:style/Theme.Translucent.NoTitleBar" />
85-->[com.google.android.gms:play-services-base:17.5.0] AndroidManifest.xml:26:13-72
86
87        <meta-data
87-->[com.google.android.gms:play-services-basement:17.5.0] AndroidManifest.xml:23:9-25:69
88            android:name="com.google.android.gms.version"
88-->[com.google.android.gms:play-services-basement:17.5.0] AndroidManifest.xml:24:13-58
89            android:value="@integer/google_play_services_version" />
89-->[com.google.android.gms:play-services-basement:17.5.0] AndroidManifest.xml:25:13-66
90    </application>
91
92</manifest>